<?xml version="1.0" encoding="UTF-8"?>
<!-- Generated by org.testng.reporters.JUnitReportReporter -->
<testsuite hostname="ASHWIN" failures="0" tests="4" name="api.test.UserTest" time="10.187" errors="0" timestamp="2023-11-17T23:03:53 IST" skipped="0">
  <testcase classname="api.test.UserTest" name="postUser" time="4.751"/>
  <testcase classname="api.test.UserTest" name="getUser" time="1.398"/>
  <testcase classname="api.test.UserTest" name="updateUser" time="2.680"/>
  <testcase classname="api.test.UserTest" name="deleteUser" time="1.358"/>
</testsuite> <!-- api.test.UserTest -->
