<?xml version="1.0" encoding="UTF-8"?>
<!-- Generated by org.testng.reporters.JUnitReportReporter -->
<testsuite hostname="ASHWIN" failures="0" tests="4" name="api.test.UserTest" time="13.261" errors="0" timestamp="2023-10-02T16:24:45 IST" skipped="0">
  <testcase classname="api.test.UserTest" name="postUser" time="4.095"/>
  <testcase classname="api.test.UserTest" name="getUser" time="2.860"/>
  <testcase classname="api.test.UserTest" name="updateUser" time="2.960"/>
  <testcase classname="api.test.UserTest" name="deleteUser" time="3.346"/>
</testsuite> <!-- api.test.UserTest -->
